<?xml version="1.0" encoding="UTF-8"?>
<!-- Generated by org.testng.reporters.JUnitXMLReporter -->
<testsuite ignored="0" hostname="INGU015" failures="0" tests="35" name="Test" time="832.163" errors="0" timestamp="2025-10-06T17:50:23 IST">
  <testcase classname="tests.LoginTest" name="Affirm_TC_Login_001_availabilityOfUsernameLabel" time="0.17"/>
  <testcase classname="tests.LoginTest" name="Affirm_TC_Login_002_availabilityOfUsernameTextBox" time="0.066"/>
  <testcase classname="tests.LoginTest" name="Affirm_TC_Login_003_availabilityOfPasswordLabel" time="0.071"/>
  <testcase classname="tests.LoginTest" name="Affirm_TC_Login_004_availabilityOfPasswordTextBox" time="0.055"/>
  <testcase classname="tests.LoginTest" name="Affirm_TC_Login_005_availabilityOfEyeButtonInPasswordTextBox" time="0.069"/>
  <testcase classname="tests.LoginTest" name="Affirm_TC_Login_006_crossedEyeButtonInPasswordTextBox" time="0.062"/>
  <testcase classname="tests.LoginTest" name="Affirm_TC_Login_007_crossedRemoveEyeButtonInPasswordTextBox" time="0.32"/>
  <testcase classname="tests.LoginTest" name="Affirm_TC_Login_008_passwordUnencryted" time="0.558"/>
  <testcase classname="tests.LoginTest" name="Affirm_TC_Login_009_availabilityOfEnterCaptchaLabel" time="0.078"/>
  <testcase classname="tests.LoginTest" name="Affirm_TC_Login_010_availabilityOfEnterCaptchaTextBox" time="0.046"/>
  <testcase classname="tests.LoginTest" name="Affirm_TC_Login_011_availabilityOfCaptchaBox" time="0.097"/>
  <testcase classname="tests.LoginTest" name="Affirm_TC_Login_012_availabilityOfImageInCaptchaBox" time="1.231"/>
  <testcase classname="tests.LoginTest" name="Affirm_TC_Login_013_availabilityOfCaptchaResetButton" time="0.093"/>
  <testcase classname="tests.LoginTest" name="Affirm_TC_Login_014_availabilityOfForgotPasswordLink" time="0.058"/>
  <testcase classname="tests.LoginTest" name="Affirm_TC_Login_015_userNameTextBoxIsEditable" time="0.427"/>
  <testcase classname="tests.LoginTest" name="Affirm_TC_Login_016_passwordTextBoxIsEditable" time="0.22"/>
  <testcase classname="tests.LoginTest" name="Affirm_TC_Login_017_passwordEncrytedByDefault" time="0.222"/>
  <testcase classname="tests.LoginTest" name="Affirm_TC_Login_018_captchaBoxIsEditable" time="0.245"/>
  <testcase classname="tests.LoginTest" name="Affirm_TC_Login_019_availabilityOfLoginButton" time="1.352"/>
  <testcase classname="tests.LoginTest" name="Affirm_TC_Login_020_errorMessageForBlankUserName" time="1.888"/>
  <testcase classname="tests.LoginTest" name="Affirm_TC_Login_021_errorMessageForBlankPassword" time="1.508"/>
  <testcase classname="tests.LoginTest" name="Affirm_TC_Login_022_errorMessageForBlankEnterCaptcha" time="1.717"/>
  <testcase classname="tests.LoginTest" name="Affirm_TC_Login_023_captchaRefresh" time="2.101"/>
  <testcase classname="tests.LoginTest" name="Affirm_TC_Login_024_loginWithAllFieldsBlank" time="15.36"/>
  <testcase classname="tests.LoginTest" name="Affirm_TC_Login_025_loginWithOnlyUsername" time="11.339"/>
  <testcase classname="tests.LoginTest" name="Affirm_TC_Login_026_loginWithOnlyPassword" time="11.379"/>
  <testcase classname="tests.LoginTest" name="Affirm_TC_Login_028_loginWithInvalidEmail" time="11.748"/>
  <testcase classname="tests.LoginTest" name="Affirm_TC_Login_029_logWithIncorrectEmailAndCorrectPassword" time="55.792"/>
  <testcase classname="tests.LoginTest" name="Affirm_TC_Login_030_loginWithCorrectEmailAndIncorrectPassword" time="20.679"/>
  <testcase classname="tests.LoginTest" name="Affirm_TC_Login_032_loginWithCorrectEmailAndCorrectPasswordByClickingOnLoginButton" time="30.414"/>
  <testcase classname="tests.LoginTest" name="Affirm_TC_Login_033_loginWithCorrectEmailAndCorrectPasswordByPressingEnterFromKeybord" time="47.12"/>
  <testcase classname="tests.LoginTest" name="Affirm_TC_Login_034_redirectToForgotPassword" time="0.496"/>
  <testcase classname="tests.ForgotPasswordTest" name="Affirm_TC_Forgot_Password_035_errorMessageForBlankEnterYourEmailBox" time="0.661"/>
  <testcase classname="tests.CallTest" name="addCall" time="70.941">
    <skipped/>
  </testcase> <!-- addCall -->
  <testcase classname="tests.CallTest" name="addCall" time="44.587"/>
</testsuite> <!-- Test -->
