<?xml version="1.0" encoding="UTF-8"?>
<!-- Generated by org.testng.reporters.JUnitXMLReporter -->
<testsuite ignored="0" hostname="INGU015" failures="1" tests="5" name="Test" time="181.256" errors="0" timestamp="2025-10-28T11:26:15 IST">
  <testcase classname="tests.ProfileTest" name="PHI_TC_Profile_054_userNameDisplayedInHeaderCorrectly" time="19.885"/>
  <testcase classname="tests.CallTest" name="Phi_TC_Add_Call_065_errorForAllBlankFields" time="17.951">
    <skipped/>
  </testcase> <!-- Phi_TC_Add_Call_065_errorForAllBlankFields -->
  <testcase classname="tests.CallTest" name="Phi_TC_Add_Call_065_errorForAllBlankFields" time="21.485">
    <skipped/>
  </testcase> <!-- Phi_TC_Add_Call_065_errorForAllBlankFields -->
  <testcase classname="tests.CallTest" name="Phi_TC_Add_Call_065_errorForAllBlankFields" time="18.431">
    <failure type="java.lang.AssertionError" message="The following asserts failed:
	Error for &amp;apos;Skills&amp;apos; field is incorrect expected [Skills is required !] but found [undefined is required !],
	Error for &amp;apos;Campaign&amp;apos; field is incorrect. expected [Campaign is required !] but found [undefined is required !],
	Error for &amp;apos;Vendor&amp;apos; field is incorrect. expected [Vendor is required !] but found [undefined is required !],
	Error for &amp;apos;Location&amp;apos; field is incorrect. expected [Location is required !] but found [undefined is required !]">
      <![CDATA[java.lang.AssertionError: The following asserts failed:
Error for 'Skills' field is incorrect expected [Skills is required !] but found [undefined is required !],
Error for 'Campaign' field is incorrect. expected [Campaign is required !] but found [undefined is required !],
Error for 'Vendor' field is incorrect. expected [Vendor is required !] but found [undefined is required !],
Error for 'Location' field is incorrect. expected [Location is required !] but found [undefined is required !]
at tests.CallTest.Phi_TC_Add_Call_065_errorForAllBlankFields(CallTest.java:36)
at java.base/java.util.ArrayList.forEach(ArrayList.java:1597)
... Removed 27 stack frames]]>
    </failure>
  </testcase> <!-- Phi_TC_Add_Call_065_errorForAllBlankFields -->
  <testcase classname="tests.CallTest" name="Phi_TC_Add_Call_066_redirectFormEvaluationPageOnDirectlyEvaluatingTheCall" time="60.683"/>
</testsuite> <!-- Test -->
