<?xml version="1.0" encoding="UTF-8"?>
<!-- Generated by org.testng.reporters.JUnitXMLReporter -->
<testsuite ignored="42" hostname="INGU015" failures="0" tests="4" name="Test" time="125.541" errors="0" timestamp="2025-10-10T14:12:06 IST">
  <testcase classname="tests.LoginTest" name="Affirm_TC_Login_032_loginWithCorrectEmailAndCorrectPasswordByClickingOnLoginButton" time="32.189"/>
  <testcase classname="tests.ForgotPasswordTest" name="Affirm_TC_Forgot_Password_038_MessageForCorrectEmail" time="3.417"/>
  <testcase classname="tests.ChangePasswordTest" name="Affirm_TC_Change_Password_046_changePasswordSuccessfully" time="39.284"/>
  <testcase classname="tests.CallTest" name="Affirm_TC_Add_Call_066_callAddedSuccessfully" time="0.002"/>
  <testcase classname="tests.LoginTest" name="Affirm_TC_Login_009_availabilityOfEnterCaptchaLabel" time="0.0">
    <ignored/>
  </testcase> <!-- Affirm_TC_Login_009_availabilityOfEnterCaptchaLabel -->
  <testcase classname="tests.LoginTest" name="Affirm_TC_Login_024_loginWithAllFieldsBlank" time="0.0">
    <ignored/>
  </testcase> <!-- Affirm_TC_Login_024_loginWithAllFieldsBlank -->
  <testcase classname="tests.LoginTest" name="Affirm_TC_Login_012_availabilityOfImageInCaptchaBox" time="0.0">
    <ignored/>
  </testcase> <!-- Affirm_TC_Login_012_availabilityOfImageInCaptchaBox -->
  <testcase classname="tests.LoginTest" name="Affirm_TC_Login_028_loginWithInvalidEmail" time="0.0">
    <ignored/>
  </testcase> <!-- Affirm_TC_Login_028_loginWithInvalidEmail -->
  <testcase classname="tests.LoginTest" name="Affirm_TC_Login_023_captchaRefresh" time="0.0">
    <ignored/>
  </testcase> <!-- Affirm_TC_Login_023_captchaRefresh -->
  <testcase classname="tests.LoginTest" name="Affirm_TC_Login_026_loginWithOnlyPassword" time="0.0">
    <ignored/>
  </testcase> <!-- Affirm_TC_Login_026_loginWithOnlyPassword -->
  <testcase classname="tests.ChangePasswordTest" name="Affirm_TC_Change_Password_045_changePasswordNotDirectlyAccessible" time="0.0">
    <ignored/>
  </testcase> <!-- Affirm_TC_Change_Password_045_changePasswordNotDirectlyAccessible -->
  <testcase classname="tests.LoginTest" name="Affirm_TC_Login_016_passwordTextBoxIsEditable" time="0.0">
    <ignored/>
  </testcase> <!-- Affirm_TC_Login_016_passwordTextBoxIsEditable -->
  <testcase classname="tests.LoginTest" name="Affirm_TC_Login_004_availabilityOfPasswordTextBox" time="0.0">
    <ignored/>
  </testcase> <!-- Affirm_TC_Login_004_availabilityOfPasswordTextBox -->
  <testcase classname="tests.LoginTest" name="Affirm_TC_Login_001_availabilityOfUsernameLabel" time="0.0">
    <ignored/>
  </testcase> <!-- Affirm_TC_Login_001_availabilityOfUsernameLabel -->
  <testcase classname="tests.ChangePasswordTest" name="Affirm_TC_Change_Password_042_errorMessageForInvalidPassword" time="0.0">
    <ignored/>
  </testcase> <!-- Affirm_TC_Change_Password_042_errorMessageForInvalidPassword -->
  <testcase classname="tests.LoginTest" name="Affirm_TC_Login_021_errorMessageForBlankPassword" time="0.0">
    <ignored/>
  </testcase> <!-- Affirm_TC_Login_021_errorMessageForBlankPassword -->
  <testcase classname="tests.ChangePasswordTest" name="Affirm_TC_Change_Password_044_redirectToLoginPage" time="0.0">
    <ignored/>
  </testcase> <!-- Affirm_TC_Change_Password_044_redirectToLoginPage -->
  <testcase classname="tests.LoginTest" name="Affirm_TC_Login_033_loginWithCorrectEmailAndCorrectPasswordByPressingEnterFromKeybord" time="0.0">
    <ignored/>
  </testcase> <!-- Affirm_TC_Login_033_loginWithCorrectEmailAndCorrectPasswordByPressingEnterFromKeybord -->
  <testcase classname="tests.LoginTest" name="Affirm_TC_Login_019_availabilityOfLoginButton" time="0.0">
    <ignored/>
  </testcase> <!-- Affirm_TC_Login_019_availabilityOfLoginButton -->
  <testcase classname="tests.ChangePasswordTest" name="Affirm_TC_Change_Password_039_redirectToChangePasswordPage" time="0.0">
    <ignored/>
  </testcase> <!-- Affirm_TC_Change_Password_039_redirectToChangePasswordPage -->
  <testcase classname="tests.LoginTest" name="Affirm_TC_Login_011_availabilityOfCaptchaBox" time="0.0">
    <ignored/>
  </testcase> <!-- Affirm_TC_Login_011_availabilityOfCaptchaBox -->
  <testcase classname="tests.LoginTest" name="Affirm_TC_Login_015_userNameTextBoxIsEditable" time="0.0">
    <ignored/>
  </testcase> <!-- Affirm_TC_Login_015_userNameTextBoxIsEditable -->
  <testcase classname="tests.CallTest" name="Affirm_TC_Add_Call_065_addCall" time="0.0">
    <ignored/>
  </testcase> <!-- Affirm_TC_Add_Call_065_addCall -->
  <testcase classname="tests.LoginTest" name="Affirm_TC_Login_014_availabilityOfForgotPasswordLink" time="0.0">
    <ignored/>
  </testcase> <!-- Affirm_TC_Login_014_availabilityOfForgotPasswordLink -->
  <testcase classname="tests.LoginTest" name="Affirm_TC_Login_025_loginWithOnlyUsername" time="0.0">
    <ignored/>
  </testcase> <!-- Affirm_TC_Login_025_loginWithOnlyUsername -->
  <testcase classname="tests.LoginTest" name="Affirm_TC_Login_034_redirectToForgotPassword" time="0.0">
    <ignored/>
  </testcase> <!-- Affirm_TC_Login_034_redirectToForgotPassword -->
  <testcase classname="tests.ForgotPasswordTest" name="Affirm_TC_Forgot_Password_035_errorMessageForBlankEnterYourEmailBox" time="0.0">
    <ignored/>
  </testcase> <!-- Affirm_TC_Forgot_Password_035_errorMessageForBlankEnterYourEmailBox -->
  <testcase classname="tests.ForgotPasswordTest" name="Affirm_TC_Forgot_Password_036_errorMessageForInvalidEnterYourEmailBox" time="0.0">
    <ignored/>
  </testcase> <!-- Affirm_TC_Forgot_Password_036_errorMessageForInvalidEnterYourEmailBox -->
  <testcase classname="tests.LoginTest" name="Affirm_TC_Login_017_passwordEncrytedByDefault" time="0.0">
    <ignored/>
  </testcase> <!-- Affirm_TC_Login_017_passwordEncrytedByDefault -->
  <testcase classname="tests.LoginTest" name="Affirm_TC_Login_018_captchaBoxIsEditable" time="0.0">
    <ignored/>
  </testcase> <!-- Affirm_TC_Login_018_captchaBoxIsEditable -->
  <testcase classname="tests.LoginTest" name="Affirm_TC_Login_005_availabilityOfEyeButtonInPasswordTextBox" time="0.0">
    <ignored/>
  </testcase> <!-- Affirm_TC_Login_005_availabilityOfEyeButtonInPasswordTextBox -->
  <testcase classname="tests.ChangePasswordTest" name="Affirm_TC_Change_Password_041_errorMessageForBlankConfirmPassword" time="0.0">
    <ignored/>
  </testcase> <!-- Affirm_TC_Change_Password_041_errorMessageForBlankConfirmPassword -->
  <testcase classname="tests.LoginTest" name="Affirm_TC_Login_006_crossedEyeButtonInPasswordTextBox" time="0.0">
    <ignored/>
  </testcase> <!-- Affirm_TC_Login_006_crossedEyeButtonInPasswordTextBox -->
  <testcase classname="tests.LoginTest" name="Affirm_TC_Login_002_availabilityOfUsernameTextBox" time="0.0">
    <ignored/>
  </testcase> <!-- Affirm_TC_Login_002_availabilityOfUsernameTextBox -->
  <testcase classname="tests.LoginTest" name="Affirm_TC_Login_013_availabilityOfCaptchaResetButton" time="0.0">
    <ignored/>
  </testcase> <!-- Affirm_TC_Login_013_availabilityOfCaptchaResetButton -->
  <testcase classname="tests.LoginTest" name="Affirm_TC_Login_030_loginWithCorrectEmailAndIncorrectPassword" time="0.0">
    <ignored/>
  </testcase> <!-- Affirm_TC_Login_030_loginWithCorrectEmailAndIncorrectPassword -->
  <testcase classname="tests.LoginTest" name="Affirm_TC_Login_029_logWithIncorrectEmailAndCorrectPassword" time="0.0">
    <ignored/>
  </testcase> <!-- Affirm_TC_Login_029_logWithIncorrectEmailAndCorrectPassword -->
  <testcase classname="tests.LoginTest" name="Affirm_TC_Login_003_availabilityOfPasswordLabel" time="0.0">
    <ignored/>
  </testcase> <!-- Affirm_TC_Login_003_availabilityOfPasswordLabel -->
  <testcase classname="tests.LoginTest" name="Affirm_TC_Login_007_crossedRemoveEyeButtonInPasswordTextBox" time="0.0">
    <ignored/>
  </testcase> <!-- Affirm_TC_Login_007_crossedRemoveEyeButtonInPasswordTextBox -->
  <testcase classname="tests.ChangePasswordTest" name="Affirm_TC_Change_Password_040_errorMessageForBlankNewPassword" time="0.0">
    <ignored/>
  </testcase> <!-- Affirm_TC_Change_Password_040_errorMessageForBlankNewPassword -->
  <testcase classname="tests.LoginTest" name="Affirm_TC_Login_008_passwordUnencryted" time="0.0">
    <ignored/>
  </testcase> <!-- Affirm_TC_Login_008_passwordUnencryted -->
  <testcase classname="tests.ChangePasswordTest" name="Affirm_TC_Change_Password_043_errorMessageForLast12Password" time="0.0">
    <ignored/>
  </testcase> <!-- Affirm_TC_Change_Password_043_errorMessageForLast12Password -->
  <testcase classname="tests.LoginTest" name="Affirm_TC_Login_020_errorMessageForBlankUserName" time="0.0">
    <ignored/>
  </testcase> <!-- Affirm_TC_Login_020_errorMessageForBlankUserName -->
  <testcase classname="tests.LoginTest" name="Affirm_TC_Login_010_availabilityOfEnterCaptchaTextBox" time="0.0">
    <ignored/>
  </testcase> <!-- Affirm_TC_Login_010_availabilityOfEnterCaptchaTextBox -->
  <testcase classname="tests.LoginTest" name="Affirm_TC_Login_022_errorMessageForBlankEnterCaptcha" time="0.0">
    <ignored/>
  </testcase> <!-- Affirm_TC_Login_022_errorMessageForBlankEnterCaptcha -->
  <testcase classname="tests.ForgotPasswordTest" name="Affirm_TC_Forgot_Password_037_errorMessageForIncorrectEmail" time="0.0">
    <ignored/>
  </testcase> <!-- Affirm_TC_Forgot_Password_037_errorMessageForIncorrectEmail -->
</testsuite> <!-- Test -->
