<?xml version="1.0" encoding="UTF-8"?>
<testng-results ignored="4" total="5" passed="0" failed="1" skipped="0">
  <reporter-output>
  </reporter-output>
  <suite started-at="2025-11-17T19:17:09 IST" name="Default suite" finished-at="2025-11-17T19:17:50 IST" duration-ms="40671">
    <groups>
    </groups>
    <test started-at="2025-11-17T19:17:09 IST" name="Default test" finished-at="2025-11-17T19:17:50 IST" duration-ms="40671">
      <class name="tests.CallTest">
        <test-method is-config="true" signature="launchApp()[pri:0, instance:tests.CallTest@2de23121]" started-at="2025-11-17T19:17:09 IST" name="launchApp" finished-at="2025-11-17T19:17:25 IST" duration-ms="15797" status="PASS">
          <reporter-output>
          </reporter-output>
        </test-method> <!-- launchApp -->
        <test-method signature="Phi_TC_Add_Call_065_errorForAllBlankFields()[pri:0, instance:tests.CallTest@2de23121]" started-at="2025-11-17T19:17:25 IST" name="Phi_TC_Add_Call_065_errorForAllBlankFields" finished-at="2025-11-17T19:17:46 IST" duration-ms="20809" status="FAIL">
          <exception class="java.lang.AssertionError">
            <message>
              <![CDATA[The following asserts failed:
Error for 'Skills' field is incorrect expected [Skills is required !  ] but found [Campaign is required !],
Error for 'Campaign' field is incorrect. expected [Campaign is required !] but found [Vendor is required !],
Error for 'Vendor' field is incorrect. expected [Vendor is required !] but found [Location is required !],
Error for 'Location' field is incorrect. expected [Location is required !] but found [LOB is required !]]]>
            </message>
            <full-stacktrace>
              <![CDATA[java.lang.AssertionError: The following asserts failed:
Error for 'Skills' field is incorrect expected [Skills is required !  ] but found [Campaign is required !],
Error for 'Campaign' field is incorrect. expected [Campaign is required !] but found [Vendor is required !],
Error for 'Vendor' field is incorrect. expected [Vendor is required !] but found [Location is required !],
Error for 'Location' field is incorrect. expected [Location is required !] but found [LOB is required !]
at org.testng.asserts.SoftAssert.assertAll(SoftAssert.java:46)
at org.testng.asserts.SoftAssert.assertAll(SoftAssert.java:30)
at tests.CallTest.Phi_TC_Add_Call_065_errorForAllBlankFields(CallTest.java:35)
at java.base/jdk.internal.reflect.DirectMethodHandleAccessor.invoke(DirectMethodHandleAccessor.java:103)
at java.base/java.lang.reflect.Method.invoke(Method.java:580)
at org.testng.internal.invokers.MethodInvocationHelper.invokeMethod(MethodInvocationHelper.java:141)
at org.testng.internal.invokers.TestInvoker.invokeMethod(TestInvoker.java:687)
at org.testng.internal.invokers.TestInvoker.invokeTestMethod(TestInvoker.java:230)
at org.testng.internal.invokers.MethodRunner.runInSequence(MethodRunner.java:63)
at org.testng.internal.invokers.TestInvoker$MethodInvocationAgent.invoke(TestInvoker.java:995)
at org.testng.internal.invokers.TestInvoker.invokeTestMethods(TestInvoker.java:203)
at org.testng.internal.invokers.TestMethodWorker.invokeTestMethods(TestMethodWorker.java:154)
at org.testng.internal.invokers.TestMethodWorker.run(TestMethodWorker.java:134)
at java.base/java.util.ArrayList.forEach(ArrayList.java:1597)
at org.testng.TestRunner.privateRun(TestRunner.java:741)
at org.testng.TestRunner.run(TestRunner.java:616)
at org.testng.SuiteRunner.runTest(SuiteRunner.java:421)
at org.testng.SuiteRunner.runSequentially(SuiteRunner.java:413)
at org.testng.SuiteRunner.privateRun(SuiteRunner.java:373)
at org.testng.SuiteRunner.run(SuiteRunner.java:312)
at org.testng.SuiteRunnerWorker.runSuite(SuiteRunnerWorker.java:52)
at org.testng.SuiteRunnerWorker.run(SuiteRunnerWorker.java:95)
at org.testng.TestNG.runSuitesSequentially(TestNG.java:1274)
at org.testng.TestNG.runSuitesLocally(TestNG.java:1208)
at org.testng.TestNG.runSuites(TestNG.java:1112)
at org.testng.TestNG.run(TestNG.java:1079)
at org.testng.remote.AbstractRemoteTestNG.run(AbstractRemoteTestNG.java:115)
at org.testng.remote.RemoteTestNG.initAndRun(RemoteTestNG.java:293)
at org.testng.remote.RemoteTestNG.main(RemoteTestNG.java:91)
]]>
            </full-stacktrace>
          </exception> <!-- java.lang.AssertionError -->
          <reporter-output>
          </reporter-output>
        </test-method> <!-- Phi_TC_Add_Call_065_errorForAllBlankFields -->
        <test-method is-config="true" signature="tearDown()[pri:0, instance:tests.CallTest@2de23121]" started-at="2025-11-17T19:17:46 IST" name="tearDown" finished-at="2025-11-17T19:17:50 IST" duration-ms="3540" status="PASS">
          <reporter-output>
          </reporter-output>
        </test-method> <!-- tearDown -->
      </class> <!-- tests.CallTest -->
    </test> <!-- Default test -->
  </suite> <!-- Default suite -->
</testng-results>
