<?xml version="1.0" encoding="UTF-8"?>
<!-- Generated by org.testng.reporters.JUnitReportReporter -->
<testsuite hostname="INGU015" failures="0" tests="4" name="tests.ForgotPasswordTest" time="82.315" errors="0" timestamp="2025-10-21T22:03:13 IST" skipped="0">
  <testcase classname="tests.ForgotPasswordTest" name="Phi_TC_Forgot_Password_038_MessageForCorrectEmail" time="14.901"/>
  <testcase classname="tests.ForgotPasswordTest" name="Phi_TC_Forgot_Password_035_errorMessageForBlankEnterYourEmailBox" time="14.808"/>
  <testcase classname="tests.ForgotPasswordTest" name="Phi_TC_Forgot_Password_036_errorMessageForInvalidEnterYourEmailBox" time="36.577"/>
  <testcase classname="tests.ForgotPasswordTest" name="Phi_TC_Forgot_Password_037_errorMessageForIncorrectEmail" time="16.029"/>
</testsuite> <!-- tests.ForgotPasswordTest -->
