<?xml version="1.0" encoding="UTF-8"?>
<!-- Generated by org.testng.reporters.JUnitReportReporter -->
<testsuite hostname="INGU015" failures="0" tests="38" name="tests.LoginTest" time="482.315" errors="1" timestamp="2025-10-19T15:26:29 IST" skipped="6">
  <testcase classname="tests.LoginTest" name="Phi_TC_Login_029_logWithIncorrectEmailAndCorrectPassword" time="15.800">
    <error message="element click intercepted: Element &lt;button type=&quot;submit&quot; class=&quot;d-block w-100 btn btn-primary btn-submit text-center text-capitalize&quot; disabled=&quot;&quot;&gt;...&lt;/button&gt; is not clickable at point (1148, 639). Other element would receive the click: &lt;div class=&quot;fcard-actions&quot;&gt;...&lt;/div&gt;
  (Session info: chrome=141.0.7390.108)
Build info: version: &#039;4.35.0&#039;, revision: &#039;1c58e5028b&#039;
System info: os.name: &#039;Windows 11&#039;, os.arch: &#039;amd64&#039;, os.version: &#039;10.0&#039;, java.version: &#039;23.0.1&#039;
Driver info: org.openqa.selenium.chrome.ChromeDriver
Command: [c9fdd8bea214aad8653a59c5134c996c, clickElement {id=f.71A6F2B67E57A1B02268877E7BBFFFDF.d.960097222CF3BA2F1D1FB4DF6F602425.e.14}]
Capabilities {acceptInsecureCerts: false, browserName: chrome, browserVersion: 141.0.7390.108, chrome: {chromedriverVersion: 141.0.7390.78 (2b53b0e231fc..., userDataDir: C:\Users\DURGES~1.KUM\AppDa...}, fedcm:accounts: true, goog:chromeOptions: {debuggerAddress: localhost:63843}, networkConnectionEnabled: false, pageLoadStrategy: normal, platformName: windows, proxy: Proxy(), se:cdp: ws://localhost:63843/devtoo..., se:cdpVersion: 141.0.7390.108, setWindowRect: true, strictFileInteractability: false, timeouts: {implicit: 0, pageLoad: 300000, script: 30000}, unhandledPromptBehavior: dismiss and notify, webauthn:extension:credBlob: true, webauthn:extension:largeBlob: true, webauthn:extension:minPinLength: true, webauthn:extension:prf: true, webauthn:virtualAuthenticators: true}
Element: [[ChromeDriver: chrome on windows (c9fdd8bea214aad8653a59c5134c996c)] -&gt; xpath: //button[contains(text(),&#039;Login&#039;)]]
Session ID: c9fdd8bea214aad8653a59c5134c996c" type="org.openqa.selenium.ElementClickInterceptedException">
      <![CDATA[org.openqa.selenium.ElementClickInterceptedException: element click intercepted: Element <button type="submit" class="d-block w-100 btn btn-primary btn-submit text-center text-capitalize" disabled="">...</button> is not clickable at point (1148, 639). Other element would receive the click: <div class="fcard-actions">...</div>
  (Session info: chrome=141.0.7390.108)
Build info: version: '4.35.0', revision: '1c58e5028b'
System info: os.name: 'Windows 11', os.arch: 'amd64', os.version: '10.0', java.version: '23.0.1'
Driver info: org.openqa.selenium.chrome.ChromeDriver
Command: [c9fdd8bea214aad8653a59c5134c996c, clickElement {id=f.71A6F2B67E57A1B02268877E7BBFFFDF.d.960097222CF3BA2F1D1FB4DF6F602425.e.14}]
Capabilities {acceptInsecureCerts: false, browserName: chrome, browserVersion: 141.0.7390.108, chrome: {chromedriverVersion: 141.0.7390.78 (2b53b0e231fc..., userDataDir: C:\Users\DURGES~1.KUM\AppDa...}, fedcm:accounts: true, goog:chromeOptions: {debuggerAddress: localhost:63843}, networkConnectionEnabled: false, pageLoadStrategy: normal, platformName: windows, proxy: Proxy(), se:cdp: ws://localhost:63843/devtoo..., se:cdpVersion: 141.0.7390.108, setWindowRect: true, strictFileInteractability: false, timeouts: {implicit: 0, pageLoad: 300000, script: 30000}, unhandledPromptBehavior: dismiss and notify, webauthn:extension:credBlob: true, webauthn:extension:largeBlob: true, webauthn:extension:minPinLength: true, webauthn:extension:prf: true, webauthn:virtualAuthenticators: true}
Element: [[ChromeDriver: chrome on windows (c9fdd8bea214aad8653a59c5134c996c)] -> xpath: //button[contains(text(),'Login')]]
Session ID: c9fdd8bea214aad8653a59c5134c996c
at java.base/jdk.internal.reflect.DirectConstructorHandleAccessor.newInstance(DirectConstructorHandleAccessor.java:62)
at java.base/java.lang.reflect.Constructor.newInstanceWithCaller(Constructor.java:501)
at java.base/java.lang.reflect.Constructor.newInstance(Constructor.java:485)
at org.openqa.selenium.remote.ErrorCodec.decode(ErrorCodec.java:167)
at org.openqa.selenium.remote.codec.w3c.W3CHttpResponseCodec.decode(W3CHttpResponseCodec.java:138)
at org.openqa.selenium.remote.codec.w3c.W3CHttpResponseCodec.decode(W3CHttpResponseCodec.java:50)
at org.openqa.selenium.remote.HttpCommandExecutor.execute(HttpCommandExecutor.java:215)
at org.openqa.selenium.remote.service.DriverCommandExecutor.invokeExecute(DriverCommandExecutor.java:216)
at org.openqa.selenium.remote.service.DriverCommandExecutor.execute(DriverCommandExecutor.java:174)
at org.openqa.selenium.remote.RemoteWebDriver.execute(RemoteWebDriver.java:557)
at org.openqa.selenium.remote.RemoteWebElement.execute(RemoteWebElement.java:223)
at org.openqa.selenium.remote.RemoteWebElement.click(RemoteWebElement.java:76)
at pageObjects.LoginPO.login(LoginPO.java:330)
at tests.LoginTest.Phi_TC_Login_029_logWithIncorrectEmailAndCorrectPassword(LoginTest.java:274)
at java.base/jdk.internal.reflect.DirectMethodHandleAccessor.invoke(DirectMethodHandleAccessor.java:103)
at java.base/java.lang.reflect.Method.invoke(Method.java:580)
at org.testng.internal.invokers.MethodInvocationHelper.invokeMethod(MethodInvocationHelper.java:141)
at org.testng.internal.invokers.TestInvoker.invokeMethod(TestInvoker.java:687)
at org.testng.internal.invokers.TestInvoker.retryFailed(TestInvoker.java:269)
at org.testng.internal.invokers.MethodRunner.runInSequence(MethodRunner.java:76)
at org.testng.internal.invokers.TestInvoker$MethodInvocationAgent.invoke(TestInvoker.java:995)
at org.testng.internal.invokers.TestInvoker.invokeTestMethods(TestInvoker.java:203)
at org.testng.internal.invokers.TestMethodWorker.invokeTestMethods(TestMethodWorker.java:154)
at org.testng.internal.invokers.TestMethodWorker.run(TestMethodWorker.java:134)
at java.base/java.util.ArrayList.forEach(ArrayList.java:1597)
at org.testng.TestRunner.privateRun(TestRunner.java:741)
at org.testng.TestRunner.run(TestRunner.java:616)
at org.testng.SuiteRunner.runTest(SuiteRunner.java:421)
at org.testng.SuiteRunner.runSequentially(SuiteRunner.java:413)
at org.testng.SuiteRunner.privateRun(SuiteRunner.java:373)
at org.testng.SuiteRunner.run(SuiteRunner.java:312)
at org.testng.SuiteRunnerWorker.runSuite(SuiteRunnerWorker.java:52)
at org.testng.SuiteRunnerWorker.run(SuiteRunnerWorker.java:95)
at org.testng.TestNG.runSuitesSequentially(TestNG.java:1274)
at org.testng.TestNG.runSuitesLocally(TestNG.java:1208)
at org.testng.TestNG.runSuites(TestNG.java:1112)
at org.testng.TestNG.run(TestNG.java:1079)
at org.testng.remote.AbstractRemoteTestNG.run(AbstractRemoteTestNG.java:115)
at org.testng.remote.RemoteTestNG.initAndRun(RemoteTestNG.java:293)
at org.testng.remote.RemoteTestNG.main(RemoteTestNG.java:91)
]]>
    </error>
  </testcase> <!-- Phi_TC_Login_029_logWithIncorrectEmailAndCorrectPassword -->
  <testcase classname="tests.LoginTest" name="Phi_TC_Login_024_loginWithAllFieldsBlank" time="27.711"/>
  <testcase classname="tests.LoginTest" name="Phi_TC_Login_007_crossedRemoveEyeButtonInPasswordTextBox" time="9.139"/>
  <testcase classname="tests.LoginTest" name="Phi_TC_Login_029_logWithIncorrectEmailAndCorrectPassword" time="15.145">
    <skipped/>
  </testcase> <!-- Phi_TC_Login_029_logWithIncorrectEmailAndCorrectPassword -->
  <testcase classname="tests.LoginTest" name="Phi_TC_Login_001_availabilityOfUsernameLabel" time="7.695"/>
  <testcase classname="tests.LoginTest" name="Phi_TC_Login_021_errorMessageForBlankPassword" time="9.660"/>
  <testcase classname="tests.LoginTest" name="Phi_TC_Login_013_availabilityOfCaptchaResetButton" time="8.517"/>
  <testcase classname="tests.LoginTest" name="Phi_TC_Login_010_availabilityOfEnterCaptchaTextBox" time="7.757"/>
  <testcase classname="tests.LoginTest" name="Phi_TC_Login_018_captchaBoxIsEditable" time="7.135"/>
  <testcase classname="tests.LoginTest" name="Phi_TC_Login_006_crossedEyeButtonInPasswordTextBox" time="8.560"/>
  <testcase classname="tests.LoginTest" name="Phi_TC_Login_026_loginWithOnlyPassword" time="22.981"/>
  <testcase classname="tests.LoginTest" name="Phi_TC_Login_008_passwordUnencryted" time="7.904"/>
  <testcase classname="tests.LoginTest" name="Phi_TC_Login_015_userNameTextBoxIsEditable" time="7.583"/>
  <testcase classname="tests.LoginTest" name="Phi_TC_Login_012_availabilityOfImageInCaptchaBox" time="8.830"/>
  <testcase classname="tests.LoginTest" name="Phi_TC_Login_004_availabilityOfPasswordTextBox" time="7.809"/>
  <testcase classname="tests.LoginTest" name="Phi_TC_Login_030_loginWithCorrectEmailAndIncorrectPassword" time="29.525"/>
  <testcase classname="tests.LoginTest" name="Phi_TC_Login_023_captchaRefresh" time="9.312"/>
  <testcase classname="tests.LoginTest" name="Phi_TC_Login_009_availabilityOfEnterCaptchaLabel" time="7.733"/>
  <testcase classname="tests.LoginTest" name="Phi_TC_Login_014_availabilityOfForgotPasswordLink" time="10.046"/>
  <testcase classname="tests.LoginTest" name="Phi_TC_Login_020_errorMessageForBlankUserName" time="9.684"/>
  <testcase classname="tests.LoginTest" name="Phi_TC_Login_033_loginWithCorrectEmailAndCorrectPasswordByPressingEnterFromKeybord" time="30.288"/>
  <testcase classname="tests.LoginTest" name="Phi_TC_Login_005_availabilityOfEyeButtonInPasswordTextBox" time="7.990"/>
  <testcase classname="tests.LoginTest" name="Phi_TC_Login_016_passwordTextBoxIsEditable" time="7.968"/>
  <testcase classname="tests.LoginTest" name="Phi_TC_Login_028_loginWithInvalidEmail" time="13.733"/>
  <testcase classname="tests.LoginTest" name="Phi_TC_Login_025_loginWithOnlyUsername" time="17.442"/>
  <testcase classname="tests.LoginTest" name="Phi_TC_Login_019_availabilityOfLoginButton" time="11.769"/>
  <testcase classname="tests.LoginTest" name="Phi_TC_Login_011_availabilityOfCaptchaBox" time="7.266"/>
  <testcase classname="tests.LoginTest" name="Phi_TC_Login_029_logWithIncorrectEmailAndCorrectPassword" time="16.141">
    <skipped/>
  </testcase> <!-- Phi_TC_Login_029_logWithIncorrectEmailAndCorrectPassword -->
  <testcase classname="tests.LoginTest" name="Phi_TC_Login_032_loginWithCorrectEmailAndCorrectPasswordByClickingOnLoginButton" time="14.573">
    <skipped/>
  </testcase> <!-- Phi_TC_Login_032_loginWithCorrectEmailAndCorrectPasswordByClickingOnLoginButton -->
  <testcase classname="tests.LoginTest" name="Phi_TC_Login_022_errorMessageForBlankEnterCaptcha" time="8.951"/>
  <testcase classname="tests.LoginTest" name="Phi_TC_Login_003_availabilityOfPasswordLabel" time="7.869"/>
  <testcase classname="tests.LoginTest" name="Phi_TC_Login_017_passwordEncrytedByDefault" time="10.356"/>
  <testcase classname="tests.LoginTest" name="Phi_TC_Login_032_loginWithCorrectEmailAndCorrectPasswordByClickingOnLoginButton" time="17.497">
    <skipped/>
  </testcase> <!-- Phi_TC_Login_032_loginWithCorrectEmailAndCorrectPasswordByClickingOnLoginButton -->
  <testcase classname="tests.LoginTest" name="Phi_TC_Login_002_availabilityOfUsernameTextBox" time="6.918"/>
  <testcase classname="tests.LoginTest" name="Phi_TC_Login_034_redirectToForgotPassword" time="8.665"/>
  <testcase classname="tests.LoginTest" name="Phi_TC_Login_030_loginWithCorrectEmailAndIncorrectPassword" time="15.033">
    <skipped/>
  </testcase> <!-- Phi_TC_Login_030_loginWithCorrectEmailAndIncorrectPassword -->
  <testcase classname="tests.LoginTest" name="Phi_TC_Login_032_loginWithCorrectEmailAndCorrectPasswordByClickingOnLoginButton" time="25.570"/>
  <testcase classname="tests.LoginTest" name="Phi_TC_Login_030_loginWithCorrectEmailAndIncorrectPassword" time="15.760">
    <skipped/>
  </testcase> <!-- Phi_TC_Login_030_loginWithCorrectEmailAndIncorrectPassword -->
</testsuite> <!-- tests.LoginTest -->
