<?xml version="1.0" encoding="UTF-8"?>
<!-- Generated by org.testng.reporters.JUnitReportReporter -->
<testsuite hostname="INGU015" failures="0" tests="14" name="tests.ChangePasswordTest" time="722.479" errors="1" timestamp="2025-10-21T22:03:13 IST" skipped="6">
  <testcase classname="tests.ChangePasswordTest" name="Phi_TC_Change_Password_040_errorMessageForBlankNewPassword" time="34.809"/>
  <testcase classname="tests.ChangePasswordTest" name="Phi_TC_Change_Password_042_errorMessageForInvalidPassword" time="70.513">
    <skipped/>
  </testcase> <!-- Phi_TC_Change_Password_042_errorMessageForInvalidPassword -->
  <testcase classname="tests.ChangePasswordTest" name="Phi_TC_Change_Password_044_redirectToLoginPage" time="30.699"/>
  <testcase classname="tests.ChangePasswordTest" name="Phi_TC_Change_Password_046_changePasswordSuccessfully" time="40.737"/>
  <testcase classname="tests.ChangePasswordTest" name="Phi_TC_Change_Password_041_errorMessageForBlankConfirmPassword" time="63.057">
    <skipped/>
  </testcase> <!-- Phi_TC_Change_Password_041_errorMessageForBlankConfirmPassword -->
  <testcase classname="tests.ChangePasswordTest" name="Phi_TC_Change_Password_039_redirectToChangePasswordPage" time="66.258">
    <skipped/>
  </testcase> <!-- Phi_TC_Change_Password_039_redirectToChangePasswordPage -->
  <testcase classname="tests.ChangePasswordTest" name="Phi_TC_Change_Password_042_errorMessageForInvalidPassword" time="32.774"/>
  <testcase classname="tests.ChangePasswordTest" name="Phi_TC_Change_Password_041_errorMessageForBlankConfirmPassword" time="32.277"/>
  <testcase classname="tests.ChangePasswordTest" name="Phi_TC_Change_Password_043_errorMessageForLast12Password" time="34.236"/>
  <testcase classname="tests.ChangePasswordTest" name="Phi_TC_Change_Password_043_errorMessageForLast12Password" time="68.229">
    <skipped/>
  </testcase> <!-- Phi_TC_Change_Password_043_errorMessageForLast12Password -->
  <testcase classname="tests.ChangePasswordTest" name="Phi_TC_Change_Password_039_redirectToChangePasswordPage" time="93.727">
    <skipped/>
  </testcase> <!-- Phi_TC_Change_Password_039_redirectToChangePasswordPage -->
  <testcase classname="tests.ChangePasswordTest" name="Phi_TC_Change_Password_045_changePasswordNotDirectlyAccessible" time="16.996"/>
  <testcase classname="tests.ChangePasswordTest" name="Phi_TC_Change_Password_042_errorMessageForInvalidPassword" time="65.889">
    <skipped/>
  </testcase> <!-- Phi_TC_Change_Password_042_errorMessageForInvalidPassword -->
  <testcase classname="tests.ChangePasswordTest" name="Phi_TC_Change_Password_039_redirectToChangePasswordPage" time="72.278">
    <error message="Expected condition failed: waiting for visibility of element located by By.xpath: //h3[text()=&#039;Change Password&#039;] (tried for 30 second(s) with 500 milliseconds interval)
Build info: version: &#039;4.35.0&#039;, revision: &#039;1c58e5028b&#039;
System info: os.name: &#039;Windows 11&#039;, os.arch: &#039;amd64&#039;, os.version: &#039;10.0&#039;, java.version: &#039;23.0.1&#039;
Driver info: org.openqa.selenium.chrome.ChromeDriver
Capabilities {acceptInsecureCerts: false, browserName: chrome, browserVersion: 141.0.7390.108, chrome: {chromedriverVersion: 141.0.7390.78 (2b53b0e231fc..., userDataDir: C:\Users\DURGES~1.KUM\AppDa...}, fedcm:accounts: true, goog:chromeOptions: {debuggerAddress: localhost:51833}, networkConnectionEnabled: false, pageLoadStrategy: normal, platformName: windows, proxy: Proxy(), se:cdp: ws://localhost:51833/devtoo..., se:cdpVersion: 141.0.7390.108, setWindowRect: true, strictFileInteractability: false, timeouts: {implicit: 0, pageLoad: 300000, script: 30000}, unhandledPromptBehavior: dismiss and notify, webauthn:extension:credBlob: true, webauthn:extension:largeBlob: true, webauthn:extension:minPinLength: true, webauthn:extension:prf: true, webauthn:virtualAuthenticators: true}
Session ID: 8ba485d5dc30b77edb7002061f11e2b7" type="org.openqa.selenium.TimeoutException">
      <![CDATA[org.openqa.selenium.TimeoutException: Expected condition failed: waiting for visibility of element located by By.xpath: //h3[text()='Change Password'] (tried for 30 second(s) with 500 milliseconds interval)
Build info: version: '4.35.0', revision: '1c58e5028b'
System info: os.name: 'Windows 11', os.arch: 'amd64', os.version: '10.0', java.version: '23.0.1'
Driver info: org.openqa.selenium.chrome.ChromeDriver
Capabilities {acceptInsecureCerts: false, browserName: chrome, browserVersion: 141.0.7390.108, chrome: {chromedriverVersion: 141.0.7390.78 (2b53b0e231fc..., userDataDir: C:\Users\DURGES~1.KUM\AppDa...}, fedcm:accounts: true, goog:chromeOptions: {debuggerAddress: localhost:51833}, networkConnectionEnabled: false, pageLoadStrategy: normal, platformName: windows, proxy: Proxy(), se:cdp: ws://localhost:51833/devtoo..., se:cdpVersion: 141.0.7390.108, setWindowRect: true, strictFileInteractability: false, timeouts: {implicit: 0, pageLoad: 300000, script: 30000}, unhandledPromptBehavior: dismiss and notify, webauthn:extension:credBlob: true, webauthn:extension:largeBlob: true, webauthn:extension:minPinLength: true, webauthn:extension:prf: true, webauthn:virtualAuthenticators: true}
Session ID: 8ba485d5dc30b77edb7002061f11e2b7
at org.openqa.selenium.support.ui.WebDriverWait.timeoutException(WebDriverWait.java:84)
at org.openqa.selenium.support.ui.FluentWait.until(FluentWait.java:228)
at abstractComponents.UtilityClass.toBeVisible(UtilityClass.java:34)
at pageObjects.ChangePasswordPO.redirectToChangePasswordPage(ChangePasswordPO.java:50)
at tests.ChangePasswordTest.Phi_TC_Change_Password_039_redirectToChangePasswordPage(ChangePasswordTest.java:21)
at java.base/jdk.internal.reflect.DirectMethodHandleAccessor.invoke(DirectMethodHandleAccessor.java:103)
at java.base/java.lang.reflect.Method.invoke(Method.java:580)
at org.testng.internal.invokers.MethodInvocationHelper.invokeMethod(MethodInvocationHelper.java:141)
at org.testng.internal.invokers.TestInvoker.invokeMethod(TestInvoker.java:687)
at org.testng.internal.invokers.TestInvoker.retryFailed(TestInvoker.java:269)
at org.testng.internal.invokers.MethodRunner.runInSequence(MethodRunner.java:76)
at org.testng.internal.invokers.TestInvoker$MethodInvocationAgent.invoke(TestInvoker.java:995)
at org.testng.internal.invokers.TestInvoker.invokeTestMethods(TestInvoker.java:203)
at org.testng.internal.invokers.TestMethodWorker.invokeTestMethods(TestMethodWorker.java:154)
at org.testng.internal.invokers.TestMethodWorker.run(TestMethodWorker.java:134)
at java.base/java.util.ArrayList.forEach(ArrayList.java:1597)
at org.testng.TestRunner.privateRun(TestRunner.java:741)
at org.testng.TestRunner.run(TestRunner.java:616)
at org.testng.SuiteRunner.runTest(SuiteRunner.java:421)
at org.testng.SuiteRunner.runSequentially(SuiteRunner.java:413)
at org.testng.SuiteRunner.privateRun(SuiteRunner.java:373)
at org.testng.SuiteRunner.run(SuiteRunner.java:312)
at org.testng.SuiteRunnerWorker.runSuite(SuiteRunnerWorker.java:52)
at org.testng.SuiteRunnerWorker.run(SuiteRunnerWorker.java:95)
at org.testng.TestNG.runSuitesSequentially(TestNG.java:1274)
at org.testng.TestNG.runSuitesLocally(TestNG.java:1208)
at org.testng.TestNG.runSuites(TestNG.java:1112)
at org.testng.TestNG.run(TestNG.java:1079)
at org.testng.remote.AbstractRemoteTestNG.run(AbstractRemoteTestNG.java:115)
at org.testng.remote.RemoteTestNG.initAndRun(RemoteTestNG.java:293)
at org.testng.remote.RemoteTestNG.main(RemoteTestNG.java:91)
]]>
    </error>
  </testcase> <!-- Phi_TC_Change_Password_039_redirectToChangePasswordPage -->
</testsuite> <!-- tests.ChangePasswordTest -->
