<?xml version="1.0" encoding="UTF-8"?>
<!-- Generated by org.testng.reporters.JUnitReportReporter -->
<testsuite hostname="INGU015" failures="1" tests="1" name="tests.CallTest" time="40.146" errors="0" timestamp="2025-11-17T19:17:52 IST" skipped="0">
  <testcase classname="tests.CallTest" name="Phi_TC_Add_Call_065_errorForAllBlankFields" time="40.146">
    <failure message="The following asserts failed:
	Error for &#039;Skills&#039; field is incorrect expected [Skills is required !  ] but found [Campaign is required !],
	Error for &#039;Campaign&#039; field is incorrect. expected [Campaign is required !] but found [Vendor is required !],
	Error for &#039;Vendor&#039; field is incorrect. expected [Vendor is required !] but found [Location is required !],
	Error for &#039;Location&#039; field is incorrect. expected [Location is required !] but found [LOB is required !]" type="java.lang.AssertionError">
      <![CDATA[java.lang.AssertionError: The following asserts failed:
Error for 'Skills' field is incorrect expected [Skills is required !  ] but found [Campaign is required !],
Error for 'Campaign' field is incorrect. expected [Campaign is required !] but found [Vendor is required !],
Error for 'Vendor' field is incorrect. expected [Vendor is required !] but found [Location is required !],
Error for 'Location' field is incorrect. expected [Location is required !] but found [LOB is required !]
at org.testng.asserts.SoftAssert.assertAll(SoftAssert.java:46)
at org.testng.asserts.SoftAssert.assertAll(SoftAssert.java:30)
at tests.CallTest.Phi_TC_Add_Call_065_errorForAllBlankFields(CallTest.java:35)
at java.base/jdk.internal.reflect.DirectMethodHandleAccessor.invoke(DirectMethodHandleAccessor.java:103)
at java.base/java.lang.reflect.Method.invoke(Method.java:580)
at org.testng.internal.invokers.MethodInvocationHelper.invokeMethod(MethodInvocationHelper.java:141)
at org.testng.internal.invokers.TestInvoker.invokeMethod(TestInvoker.java:687)
at org.testng.internal.invokers.TestInvoker.invokeTestMethod(TestInvoker.java:230)
at org.testng.internal.invokers.MethodRunner.runInSequence(MethodRunner.java:63)
at org.testng.internal.invokers.TestInvoker$MethodInvocationAgent.invoke(TestInvoker.java:995)
at org.testng.internal.invokers.TestInvoker.invokeTestMethods(TestInvoker.java:203)
at org.testng.internal.invokers.TestMethodWorker.invokeTestMethods(TestMethodWorker.java:154)
at org.testng.internal.invokers.TestMethodWorker.run(TestMethodWorker.java:134)
at java.base/java.util.ArrayList.forEach(ArrayList.java:1597)
at org.testng.TestRunner.privateRun(TestRunner.java:741)
at org.testng.TestRunner.run(TestRunner.java:616)
at org.testng.SuiteRunner.runTest(SuiteRunner.java:421)
at org.testng.SuiteRunner.runSequentially(SuiteRunner.java:413)
at org.testng.SuiteRunner.privateRun(SuiteRunner.java:373)
at org.testng.SuiteRunner.run(SuiteRunner.java:312)
at org.testng.SuiteRunnerWorker.runSuite(SuiteRunnerWorker.java:52)
at org.testng.SuiteRunnerWorker.run(SuiteRunnerWorker.java:95)
at org.testng.TestNG.runSuitesSequentially(TestNG.java:1274)
at org.testng.TestNG.runSuitesLocally(TestNG.java:1208)
at org.testng.TestNG.runSuites(TestNG.java:1112)
at org.testng.TestNG.run(TestNG.java:1079)
at org.testng.remote.AbstractRemoteTestNG.run(AbstractRemoteTestNG.java:115)
at org.testng.remote.RemoteTestNG.initAndRun(RemoteTestNG.java:293)
at org.testng.remote.RemoteTestNG.main(RemoteTestNG.java:91)
]]>
    </failure>
  </testcase> <!-- Phi_TC_Add_Call_065_errorForAllBlankFields -->
</testsuite> <!-- tests.CallTest -->
